<?xml version="1.0" encoding="UTF-8"?>
<testng-results ignored="0" total="1" passed="1" failed="0" skipped="0">
  <reporter-output>
  </reporter-output>
  <suite started-at="2022-01-08T15:42:00Z" name="Default suite" finished-at="2022-01-08T15:43:07Z" duration-ms="66386">
    <groups>
    </groups>
    <test started-at="2022-01-08T15:42:00Z" name="Default test" finished-at="2022-01-08T15:43:07Z" duration-ms="66386">
      <class name="com.google.qa.VerificationSetup">
        <test-method signature="f()[pri:0, instance:com.google.qa.VerificationSetup@4e31276e]" started-at="2022-01-08T15:42:00Z" name="f" finished-at="2022-01-08T15:43:07Z" duration-ms="66237" status="PASS">
          <reporter-output>
          </reporter-output>
        </test-method> <!-- f -->
      </class> <!-- com.google.qa.VerificationSetup -->
    </test> <!-- Default test -->
  </suite> <!-- Default suite -->
</testng-results>
